<?xml version="1.0" encoding="UTF-8"?>
<testng-results skipped="0" failed="0" total="1" passed="1">
  <reporter-output>
  </reporter-output>
  <suite name="Default suite" duration-ms="16000" started-at="2019-08-05T12:42:29Z" finished-at="2019-08-05T12:42:45Z">
    <groups>
    </groups>
    <test name="Default test" duration-ms="16000" started-at="2019-08-05T12:42:29Z" finished-at="2019-08-05T12:42:45Z">
      <class name="testcases.TC_01">
        <test-method status="PASS" signature="launchBrowser()[pri:0, instance:testcases.TC_01@68be2bc2]" name="launchBrowser" is-config="true" duration-ms="14724" started-at="2019-08-05T18:12:29Z" finished-at="2019-08-05T18:12:44Z">
          <reporter-output>
          </reporter-output>
        </test-method> <!-- launchBrowser -->
        <test-method status="PASS" signature="countOfPdfLinksInReferences()[pri:0, instance:testcases.TC_01@68be2bc2]" name="countOfPdfLinksInReferences" duration-ms="151" started-at="2019-08-05T18:12:44Z" finished-at="2019-08-05T18:12:44Z">
          <reporter-output>
          </reporter-output>
        </test-method> <!-- countOfPdfLinksInReferences -->
        <test-method status="PASS" signature="closebrowser()[pri:0, instance:testcases.TC_01@68be2bc2]" name="closebrowser" is-config="true" duration-ms="1108" started-at="2019-08-05T18:12:44Z" finished-at="2019-08-05T18:12:45Z">
          <reporter-output>
          </reporter-output>
        </test-method> <!-- closebrowser -->
      </class> <!-- testcases.TC_01 -->
    </test> <!-- Default test -->
  </suite> <!-- Default suite -->
</testng-results>
